This file contains any messages produced by compilers while
running configure, to aid debugging if configure makes a mistake.

It was created by configure, which was
generated by GNU Autoconf 2.52.  Invocation command line was

  $ ./configure 

## ---------- ##
## Platform.  ##
## ---------- ##

hostname = DESKTOP-Q08S896
uname -m = x86_64
uname -r = 5.15.153.1-microsoft-standard-WSL2
uname -s = Linux
uname -v = #1 SMP Fri Mar 29 23:14:13 UTC 2024

/usr/bin/uname -p = x86_64
/bin/uname -X     = unknown

/bin/arch              = x86_64
/usr/bin/arch -k       = unknown
/usr/convex/getsysinfo = unknown
hostinfo               = unknown
/bin/machine           = unknown
/usr/bin/oslevel       = unknown
/bin/universe          = unknown

PATH = /usr/local/sbin:/usr/local/bin:/usr/sbin:/usr/bin:/sbin:/bin:/usr/games:/usr/local/games:/usr/lib/wsl/lib:/mnt/c/Program Files/Eclipse Adoptium/jdk-21.0.4.7-hotspot/bin:/mnt/c/Program Files/Eclipse Adoptium/jre-21.0.4.7-hotspot/bin:/mnt/c/Windows/system32:/mnt/c/Windows:/mnt/c/Windows/System32/Wbem:/mnt/c/Windows/System32/WindowsPowerShell/v1.0/:/mnt/c/Windows/System32/OpenSSH/:/mnt/c/Program Files/Git/cmd:/mnt/c/Program Files/dotnet/:/mnt/c/Program Files/Common Files/Advantage/:/mnt/c/Program Files/Python312/Scripts:/mnt/c/Program Files/Python312:/mnt/c/Users/Hans/AppData/Local/Microsoft/WindowsApps:/mnt/c/Users/Hans/AppData/Local/GitHubDesktop/bin:/mnt/c/Portable/VSCode/bin:/mnt/c/Users/Hans/.dotnet/tools:/snap/bin:/home/hans/.dotnet/tools

## ------------ ##
## Core tests.  ##
## ------------ ##

configure:1115: PATH=".;."; conftest.sh
./configure: 1116: conftest.sh: not found
configure:1118: $? = 127
configure:1160: checking build system type
configure:1178: result: x86_64-unknown-linux-gnu
configure:1188: checking host system type
configure:1202: result: x86_64-unknown-linux-gnu
configure:1212: checking target system type
configure:1226: result: x86_64-unknown-linux-gnu
configure:1270: checking for a BSD compatible install
configure:1319: result: /usr/bin/install -c
configure:1333: checking for -p flag to install
configure:1346: result: yes
configure:1357: checking whether build environment is sane
configure:1400: result: yes
configure:1421: checking for mawk
configure:1436: found /usr/bin/mawk
configure:1444: result: mawk
configure:1454: checking whether make sets ${MAKE}
configure:1474: result: yes
configure:1599: checking for style of include used by make
configure:1626: result: GNU
configure:1747: checking for gcc
configure:1762: found /usr/bin/gcc
configure:1770: result: gcc
configure:1998: checking for C compiler version
configure:2001: gcc --version </dev/null >&5
gcc (Ubuntu 13.2.0-23ubuntu4) 13.2.0
Copyright (C) 2023 Free Software Foundation, Inc.
This is free software; see the source for copying conditions.  There is NO
warranty; not even for MERCHANTABILITY or FITNESS FOR A PARTICULAR PURPOSE.

configure:2004: $? = 0
configure:2006: gcc -v </dev/null >&5
Using built-in specs.
COLLECT_GCC=gcc
COLLECT_LTO_WRAPPER=/usr/libexec/gcc/x86_64-linux-gnu/13/lto-wrapper
OFFLOAD_TARGET_NAMES=nvptx-none:amdgcn-amdhsa
OFFLOAD_TARGET_DEFAULT=1
Target: x86_64-linux-gnu
Configured with: ../src/configure -v --with-pkgversion='Ubuntu 13.2.0-23ubuntu4' --with-bugurl=file:///usr/share/doc/gcc-13/README.Bugs --enable-languages=c,ada,c++,go,d,fortran,objc,obj-c++,m2 --prefix=/usr --with-gcc-major-version-only --program-suffix=-13 --program-prefix=x86_64-linux-gnu- --enable-shared --enable-linker-build-id --libexecdir=/usr/libexec --without-included-gettext --enable-threads=posix --libdir=/usr/lib --enable-nls --enable-clocale=gnu --enable-libstdcxx-debug --enable-libstdcxx-time=yes --with-default-libstdcxx-abi=new --enable-libstdcxx-backtrace --enable-gnu-unique-object --disable-vtable-verify --enable-plugin --enable-default-pie --with-system-zlib --enable-libphobos-checking=release --with-target-system-zlib=auto --enable-objc-gc=auto --enable-multiarch --disable-werror --enable-cet --with-arch-32=i686 --with-abi=m64 --with-multilib-list=m32,m64,mx32 --enable-multilib --with-tune=generic --enable-offload-targets=nvptx-none=/build/gcc-13-uJ7kn6/gcc-13-13.2.0/debian/tmp-nvptx/usr,amdgcn-amdhsa=/build/gcc-13-uJ7kn6/gcc-13-13.2.0/debian/tmp-gcn/usr --enable-offload-defaulted --without-cuda-driver --enable-checking=release --build=x86_64-linux-gnu --host=x86_64-linux-gnu --target=x86_64-linux-gnu
Thread model: posix
Supported LTO compression algorithms: zlib zstd
gcc version 13.2.0 (Ubuntu 13.2.0-23ubuntu4) 
configure:2009: $? = 0
configure:2011: gcc -V </dev/null >&5
gcc: error: unrecognized command-line option '-V'
gcc: fatal error: no input files
compilation terminated.
configure:2014: $? = 1
configure:2034: checking for C compiler default output
configure:2037: gcc     conftest.c  >&5
configure:2040: $? = 0
configure:2069: result: a.out
configure:2074: checking whether the C compiler works
configure:2080: ./a.out
configure:2083: $? = 0
configure:2098: result: yes
configure:2105: checking whether we are cross compiling
configure:2107: result: no
configure:2110: checking for executable suffix
configure:2112: gcc -o conftest     conftest.c  >&5
configure:2115: $? = 0
configure:2137: result: 
configure:2143: checking for object suffix
configure:2161: gcc -c    conftest.c >&5
configure:2164: $? = 0
configure:2183: result: o
configure:2187: checking whether we are using the GNU C compiler
configure:2208: gcc -c    conftest.c >&5
configure:2211: $? = 0
configure:2214: test -s conftest.o
configure:2217: $? = 0
configure:2229: result: yes
configure:2235: checking whether gcc accepts -g
configure:2253: gcc -c -g  conftest.c >&5
configure:2256: $? = 0
configure:2259: test -s conftest.o
configure:2262: $? = 0
configure:2272: result: yes
configure:2299: gcc -c    conftest.c >&5
conftest.c:2:3: error: unknown type name 'choke'
    2 |   choke me
      |   ^~~~~
conftest.c:2:3: error: expected '=', ',', ';', 'asm' or '__attribute__' at end of input
configure:2302: $? = 1
configure: failed program was:
#ifndef __cplusplus
  choke me
#endif
configure:2402: checking dependency style of gcc
configure:2464: result: gcc3
configure:2473: checking how to run the C preprocessor
configure:2499: gcc -E  conftest.c
configure:2505: $? = 0
configure:2532: gcc -E  conftest.c
configure:2529:10: fatal error: ac_nonexistent.h: No such file or directory
 2529 | #include "confdefs.h"
      |          ^~~~~~~~~~~~      
compilation terminated.
configure:2538: $? = 1
configure: failed program was:
#line 2528 "configure"
#include "confdefs.h"
#include <ac_nonexistent.h>
configure:2575: result: gcc -E
configure:2590: gcc -E  conftest.c
configure:2596: $? = 0
configure:2623: gcc -E  conftest.c
configure:2620:10: fatal error: ac_nonexistent.h: No such file or directory
 2620 | #include "confdefs.h"
      |          ^~~~~~~~~~~~      
compilation terminated.
configure:2629: $? = 1
configure: failed program was:
#line 2619 "configure"
#include "confdefs.h"
#include <ac_nonexistent.h>
configure:2744: checking for g++
configure:2770: result: no
configure:2744: checking for c++
configure:2770: result: no
configure:2744: checking for gpp
configure:2770: result: no
configure:2744: checking for aCC
configure:2770: result: no
configure:2744: checking for CC
configure:2770: result: no
configure:2744: checking for cxx
configure:2770: result: no
configure:2744: checking for cc++
configure:2770: result: no
configure:2744: checking for cl
configure:2770: result: no
configure:2744: checking for FCC
configure:2770: result: no
configure:2744: checking for KCC
configure:2770: result: no
configure:2744: checking for RCC
configure:2770: result: no
configure:2744: checking for xlC_r
configure:2770: result: no
configure:2744: checking for xlC
configure:2770: result: no
configure:2782: checking for C++ compiler version
configure:2785: g++ --version </dev/null >&5
./configure: 1: eval: g++: not found
configure:2788: $? = 127
configure:2790: g++ -v </dev/null >&5
./configure: 1: eval: g++: not found
configure:2793: $? = 127
configure:2795: g++ -V </dev/null >&5
./configure: 1: eval: g++: not found
configure:2798: $? = 127
configure:2801: checking whether we are using the GNU C++ compiler
configure:2822: g++ -c    conftest.cc >&5
./configure: 1: eval: g++: not found
configure:2825: $? = 127
configure: failed program was:
#line 2807 "configure"
#include "confdefs.h"

int
main ()
{
#ifndef __GNUC__
       choke me
#endif

  ;
  return 0;
}
configure:2843: result: no
configure:2849: checking whether g++ accepts -g
configure:2867: g++ -c -g  conftest.cc >&5
./configure: 1: eval: g++: not found
configure:2870: $? = 127
configure: failed program was:
#line 2855 "configure"
#include "confdefs.h"

int
main ()
{

  ;
  return 0;
}
configure:2886: result: no
configure:2926: g++ -c    conftest.cc >&5
./configure: 1: eval: g++: not found
configure:2929: $? = 127
configure: failed program was:
#line 2913 "configure"
#include "confdefs.h"
#include <stdlib.h>

int
main ()
{
exit (42);
  ;
  return 0;
}
configure:2926: g++ -c    conftest.cc >&5
./configure: 1: eval: g++: not found
configure:2929: $? = 127
configure: failed program was:
#line 2913 "configure"
#include "confdefs.h"
#include <stdlib.h>
#include <stdlib.h>
int
main ()
{
exit (42);
  ;
  return 0;
}
configure:2926: g++ -c    conftest.cc >&5
./configure: 1: eval: g++: not found
configure:2929: $? = 127
configure: failed program was:
#line 2913 "configure"
#include "confdefs.h"
#include <stdlib.h>
extern "C" void std::exit (int) throw (); using std::exit;
int
main ()
{
exit (42);
  ;
  return 0;
}
configure:2926: g++ -c    conftest.cc >&5
./configure: 1: eval: g++: not found
configure:2929: $? = 127
configure: failed program was:
#line 2913 "configure"
#include "confdefs.h"
#include <stdlib.h>
extern "C" void std::exit (int); using std::exit;
int
main ()
{
exit (42);
  ;
  return 0;
}
configure:2926: g++ -c    conftest.cc >&5
./configure: 1: eval: g++: not found
configure:2929: $? = 127
configure: failed program was:
#line 2913 "configure"
#include "confdefs.h"
#include <stdlib.h>
extern "C" void exit (int) throw ();
int
main ()
{
exit (42);
  ;
  return 0;
}
configure:2926: g++ -c    conftest.cc >&5
./configure: 1: eval: g++: not found
configure:2929: $? = 127
configure: failed program was:
#line 2913 "configure"
#include "confdefs.h"
#include <stdlib.h>
extern "C" void exit (int);
int
main ()
{
exit (42);
  ;
  return 0;
}
configure:2926: g++ -c    conftest.cc >&5
./configure: 1: eval: g++: not found
configure:2929: $? = 127
configure: failed program was:
#line 2913 "configure"
#include "confdefs.h"
#include <stdlib.h>
void exit (int);
int
main ()
{
exit (42);
  ;
  return 0;
}
configure:2990: checking dependency style of g++
configure:3052: result: none
configure:3302: checking whether g++ supports -Wundef
configure:3332: rm -rf SunWS_cache; g++ -o conftest -Wall -pedantic -W -Wpointer-arith -Wmissing-prototypes -Wwrite-strings -ansi -D_XOPEN_SOURCE=500 -D_BSD_SOURCE -Wcast-align -Wconversion   -Wundef   conftest.cc  1>&5
./configure: 1: eval: g++: not found
configure:3335: $? = 127
configure: failed program was:
#line 3320 "configure"
#include "confdefs.h"

int
main ()
{
 return 0;
  ;
  return 0;
}
configure:3364: result: no
configure:3370: checking whether g++ supports -Wbad-function-cast
configure:3400: rm -rf SunWS_cache; g++ -o conftest -Wall -pedantic -W -Wpointer-arith -Wmissing-prototypes -Wwrite-strings -ansi -D_XOPEN_SOURCE=500 -D_BSD_SOURCE -Wcast-align -Wconversion   -Wbad-function-cast   conftest.cc  1>&5
./configure: 1: eval: g++: not found
configure:3403: $? = 127
configure: failed program was:
#line 3388 "configure"
#include "confdefs.h"

int
main ()
{
 return 0;
  ;
  return 0;
}
configure:3432: result: no
configure:3438: checking whether g++ supports -Wno-long-long
configure:3468: rm -rf SunWS_cache; g++ -o conftest -Wall -pedantic -W -Wpointer-arith -Wmissing-prototypes -Wwrite-strings -ansi -D_XOPEN_SOURCE=500 -D_BSD_SOURCE -Wcast-align -Wconversion   -Wno-long-long   conftest.cc  1>&5
./configure: 1: eval: g++: not found
configure:3471: $? = 127
configure: failed program was:
#line 3456 "configure"
#include "confdefs.h"

int
main ()
{
 return 0;
  ;
  return 0;
}
configure:3500: result: no
configure:3506: checking whether g++ supports -Wnon-virtual-dtor
configure:3536: rm -rf SunWS_cache; g++ -o conftest -Wall -pedantic -W -Wpointer-arith -Wmissing-prototypes -Wwrite-strings -ansi -D_XOPEN_SOURCE=500 -D_BSD_SOURCE -Wcast-align -Wconversion   -Wnon-virtual-dtor   conftest.cc  1>&5
./configure: 1: eval: g++: not found
configure:3539: $? = 127
configure: failed program was:
#line 3524 "configure"
#include "confdefs.h"

int
main ()
{
 return 0;
  ;
  return 0;
}
configure:3568: result: no
configure:4317: checking how to run the C++ preprocessor
configure:4339: g++ -E  conftest.cc
./configure: 1: eval: g++: not found
configure:4345: $? = 127
configure: failed program was:
#line 4334 "configure"
#include "confdefs.h"
#include <assert.h>
                     Syntax error
configure:4339: g++ -E  conftest.cc
./configure: 1: eval: g++: not found
configure:4345: $? = 127
configure: failed program was:
#line 4334 "configure"
#include "confdefs.h"
#include <assert.h>
                     Syntax error
configure:4339: /lib/cpp  conftest.cc
cpp: fatal error: cannot execute 'cc1plus': execvp: No such file or directory
compilation terminated.
configure:4345: $? = 1
configure: failed program was:
#line 4334 "configure"
#include "confdefs.h"
#include <assert.h>
                     Syntax error
configure:4339: /lib/cpp  conftest.cc
cpp: fatal error: cannot execute 'cc1plus': execvp: No such file or directory
compilation terminated.
configure:4345: $? = 1
configure: failed program was:
#line 4334 "configure"
#include "confdefs.h"
#include <assert.h>
                     Syntax error
configure:4415: result: /lib/cpp
configure:4430: /lib/cpp  conftest.cc
cpp: fatal error: cannot execute 'cc1plus': execvp: No such file or directory
compilation terminated.
configure:4436: $? = 1
configure: failed program was:
#line 4425 "configure"
#include "confdefs.h"
#include <assert.h>
                     Syntax error
configure:4430: /lib/cpp  conftest.cc
cpp: fatal error: cannot execute 'cc1plus': execvp: No such file or directory
compilation terminated.
configure:4436: $? = 1
configure: failed program was:
#line 4425 "configure"
#include "confdefs.h"
#include <assert.h>
                     Syntax error
configure:4497: error: C++ preprocessor "/lib/cpp" fails sanity check

## ----------------- ##
## Cache variables.  ##
## ----------------- ##

ac_cv_build='x86_64-unknown-linux-gnu'
ac_cv_build_alias='x86_64-unknown-linux-gnu'
ac_cv_c_compiler_gnu='yes'
ac_cv_cxx_compiler_gnu='no'
ac_cv_env_CC_set=''
ac_cv_env_CC_value=''
ac_cv_env_CFLAGS_set=''
ac_cv_env_CFLAGS_value=''
ac_cv_env_CPPFLAGS_set=''
ac_cv_env_CPPFLAGS_value=''
ac_cv_env_CPP_set=''
ac_cv_env_CPP_value=''
ac_cv_env_CXXCPP_set=''
ac_cv_env_CXXCPP_value=''
ac_cv_env_CXXFLAGS_set=''
ac_cv_env_CXXFLAGS_value=''
ac_cv_env_CXX_set=''
ac_cv_env_CXX_value=''
ac_cv_env_LDFLAGS_set=''
ac_cv_env_LDFLAGS_value=''
ac_cv_env_build_alias_set=''
ac_cv_env_build_alias_value=''
ac_cv_env_host_alias_set=''
ac_cv_env_host_alias_value=''
ac_cv_env_target_alias_set=''
ac_cv_env_target_alias_value=''
ac_cv_host='x86_64-unknown-linux-gnu'
ac_cv_host_alias='x86_64-unknown-linux-gnu'
ac_cv_objext='o'
ac_cv_path_install='/usr/bin/install -c'
ac_cv_prog_AWK='mawk'
ac_cv_prog_CPP='gcc -E'
ac_cv_prog_CXXCPP='/lib/cpp'
ac_cv_prog_ac_ct_CC='gcc'
ac_cv_prog_cc_g='yes'
ac_cv_prog_cxx_g='no'
ac_cv_prog_make_make_set='yes'
ac_cv_target='x86_64-unknown-linux-gnu'
ac_cv_target_alias='x86_64-unknown-linux-gnu'
am_cv_CC_dependencies_compiler_type='gcc3'
am_cv_CXX_dependencies_compiler_type='none'

## ------------ ##
## confdefs.h.  ##
## ------------ ##

#define PACKAGE "pvcasio"
#define VERSION "0.4"
#ifdef __cplusplus
void exit (int);
#endif


configure: exit 1
